<?xml version="1.0" encoding="UTF-8"?>
<testng-results skipped="0" failed="0" ignored="0" total="1" passed="1">
  <reporter-output>
  </reporter-output>
  <suite name="Default suite" duration-ms="50684" started-at="2024-05-31T05:56:55Z" finished-at="2024-05-31T05:57:46Z">
    <groups>
    </groups>
    <test name="Default test" duration-ms="50684" started-at="2024-05-31T05:56:55Z" finished-at="2024-05-31T05:57:46Z">
      <class name="com.flipkart.testcases.searc_and_scrape_data">
        <test-method status="PASS" signature="loadconfig()[pri:0, instance:com.flipkart.testcases.searc_and_scrape_data@64bfbc86]" name="loadconfig" is-config="true" duration-ms="0" started-at="2024-05-31T05:56:55Z" finished-at="2024-05-31T05:56:55Z">
          <reporter-output>
          </reporter-output>
        </test-method> <!-- loadconfig -->
        <test-method status="PASS" signature="setup()[pri:0, instance:com.flipkart.testcases.searc_and_scrape_data@64bfbc86]" name="setup" is-config="true" duration-ms="30630" started-at="2024-05-31T05:56:55Z" finished-at="2024-05-31T05:57:26Z">
          <reporter-output>
          </reporter-output>
        </test-method> <!-- setup -->
        <test-method status="PASS" signature="searchbook()[pri:0, instance:com.flipkart.testcases.searc_and_scrape_data@64bfbc86]" name="searchbook" duration-ms="18889" started-at="2024-05-31T05:57:26Z" finished-at="2024-05-31T05:57:45Z">
          <reporter-output>
          </reporter-output>
        </test-method> <!-- searchbook -->
        <test-method status="PASS" signature="teaardown()[pri:0, instance:com.flipkart.testcases.searc_and_scrape_data@64bfbc86]" name="teaardown" is-config="true" duration-ms="1146" started-at="2024-05-31T05:57:45Z" finished-at="2024-05-31T05:57:46Z">
          <reporter-output>
          </reporter-output>
        </test-method> <!-- teaardown -->
        <test-method status="PASS" signature="aftersuite()[pri:0, instance:com.flipkart.testcases.searc_and_scrape_data@64bfbc86]" name="aftersuite" is-config="true" duration-ms="0" started-at="2024-05-31T05:57:46Z" finished-at="2024-05-31T05:57:46Z">
          <reporter-output>
          </reporter-output>
        </test-method> <!-- aftersuite -->
      </class> <!-- com.flipkart.testcases.searc_and_scrape_data -->
    </test> <!-- Default test -->
  </suite> <!-- Default suite -->
</testng-results>
